#
# There is insufficient memory for the Java Runtime Environment to continue.
# Native memory allocation (malloc) failed to allocate 138000 bytes. Error detail: Chunk::new
# Possible reasons:
#   The system is out of physical RAM or swap space
#   This process is running with CompressedOops enabled, and the Java Heap may be blocking the growth of the native heap
# Possible solutions:
#   Reduce memory load on the system
#   Increase physical memory or swap space
#   Check if swap backing store is full
#   Decrease Java heap size (-Xmx/-Xms)
#   Decrease number of Java threads
#   Decrease Java thread stack sizes (-Xss)
#   Set larger code cache with -XX:ReservedCodeCacheSize=
#   JVM is running with Unscaled Compressed Oops mode in which the Java heap is
#     placed in the first 4GB address space. The Java Heap base address is the
#     maximum limit for the native heap growth. Please use -XX:HeapBaseMinAddress
#     to set the Java Heap base and to place the Java Heap above 4GB virtual address.
# This output file may be truncated or incomplete.
#
#  Out of Memory Error (arena.cpp:168), pid=2168, tid=13640
#
# JRE version: OpenJDK Runtime Environment Temurin-21.0.7+6 (21.0.7+6) (build 21.0.7+6-LTS)
# Java VM: OpenJDK 64-Bit Server VM Temurin-21.0.7+6 (21.0.7+6-LTS, mixed mode, sharing, tiered, compressed oops, compressed class ptrs, parallel gc, windows-amd64)
# No core dump will be written. Minidumps are not enabled by default on client versions of Windows
#

---------------  S U M M A R Y ------------

Command Line: --add-modules=ALL-SYSTEM --add-opens=java.base/java.util=ALL-UNNAMED --add-opens=java.base/java.lang=ALL-UNNAMED --add-opens=java.base/sun.nio.fs=ALL-UNNAMED -Declipse.application=org.eclipse.jdt.ls.core.id1 -Dosgi.bundles.defaultStartLevel=4 -Declipse.product=org.eclipse.jdt.ls.core.product -Djava.import.generatesMetadataFilesAtProjectRoot=false -DDetectVMInstallationsJob.disabled=true -Dfile.encoding=utf8 -XX:+UseParallelGC -XX:GCTimeRatio=4 -XX:AdaptiveSizePolicyWeight=90 -Dsun.zip.disableMemoryMapping=true -Xmx2G -Xms100m -Xlog:disable -javaagent:c:\Users\DELL\.vscode\extensions\redhat.java-1.43.1-win32-x64\lombok\lombok-1.18.39-4050.jar -XX:+HeapDumpOnOutOfMemoryError -XX:HeapDumpPath=c:\Users\DELL\AppData\Roaming\Code\User\workspaceStorage\570d8e0572cd09717416c2befc5483f5\redhat.java -Daether.dependencyCollector.impl=bf c:\Users\DELL\.vscode\extensions\redhat.java-1.43.1-win32-x64\server\plugins\org.eclipse.equinox.launcher_1.7.0.v20250519-0528.jar -configuration c:\Users\DELL\AppData\Roaming\Code\User\globalStorage\redhat.java\1.43.1\config_win -data c:\Users\DELL\AppData\Roaming\Code\User\workspaceStorage\570d8e0572cd09717416c2befc5483f5\redhat.java\jdt_ws --pipe=\\.\pipe\lsp-8f63b9c5fb8f4f4d9e4a2db2d941be92-sock

Host: Intel(R) Core(TM) i5-8350U CPU @ 1.70GHz, 8 cores, 7G,  Windows 11 , 64 bit Build 22621 (10.0.22621.5415)
Time: Thu Jul 24 21:42:26 2025 India Standard Time elapsed time: 2.238055 seconds (0d 0h 0m 2s)

---------------  T H R E A D  ---------------

Current thread (0x0000019d6d10a4c0):  JavaThread "C2 CompilerThread1" daemon [_thread_in_native, id=13640, stack(0x0000005fc0a00000,0x0000005fc0b00000) (1024K)]


Current CompileTask:
C2:2238 1297       4       java.io.DataInputStream::readUTF (501 bytes)

Stack: [0x0000005fc0a00000,0x0000005fc0b00000]
Native frames: (J=compiled Java code, j=interpreted, Vv=VM code, C=native code)
V  [jvm.dll+0x6ce119]
V  [jvm.dll+0x8a84a1]
V  [jvm.dll+0x8aa9ce]
V  [jvm.dll+0x8ab0b3]
V  [jvm.dll+0x27f8a6]
V  [jvm.dll+0xc507d]
V  [jvm.dll+0xc55b3]
V  [jvm.dll+0x3b692c]
V  [jvm.dll+0x1dfaab]
V  [jvm.dll+0x247c42]
V  [jvm.dll+0x2470cf]
V  [jvm.dll+0x1c760e]
V  [jvm.dll+0x25695a]
V  [jvm.dll+0x254efa]
V  [jvm.dll+0x3f03f6]
V  [jvm.dll+0x851f6b]
V  [jvm.dll+0x6cc7dd]
C  [ucrtbase.dll+0x29333]
C  [KERNEL32.DLL+0x1259d]
C  [ntdll.dll+0x5af78]


---------------  P R O C E S S  ---------------

Threads class SMR info:
_java_thread_list=0x0000019d6d5e5950, length=13, elements={
0x0000019d50d8dea0, 0x0000019d50cfe1d0, 0x0000019d50cff9d0, 0x0000019d50d02280,
0x0000019d50d04240, 0x0000019d50d09710, 0x0000019d50d09da0, 0x0000019d50d0e500,
0x0000019d50d3ca50, 0x0000019d50d09080, 0x0000019d6d10a4c0, 0x0000019d50d06fb0,
0x0000019d6d8f1870
}

Java Threads: ( => current thread )
  0x0000019d50d8dea0 JavaThread "main"                              [_thread_in_native, id=13612, stack(0x0000005fbfd00000,0x0000005fbfe00000) (1024K)]
  0x0000019d50cfe1d0 JavaThread "Reference Handler"          daemon [_thread_blocked, id=13700, stack(0x0000005fc0100000,0x0000005fc0200000) (1024K)]
  0x0000019d50cff9d0 JavaThread "Finalizer"                  daemon [_thread_blocked, id=13704, stack(0x0000005fc0200000,0x0000005fc0300000) (1024K)]
  0x0000019d50d02280 JavaThread "Signal Dispatcher"          daemon [_thread_blocked, id=13708, stack(0x0000005fc0300000,0x0000005fc0400000) (1024K)]
  0x0000019d50d04240 JavaThread "Attach Listener"            daemon [_thread_blocked, id=13668, stack(0x0000005fc0400000,0x0000005fc0500000) (1024K)]
  0x0000019d50d09710 JavaThread "Service Thread"             daemon [_thread_blocked, id=13428, stack(0x0000005fc0500000,0x0000005fc0600000) (1024K)]
  0x0000019d50d09da0 JavaThread "Monitor Deflation Thread"   daemon [_thread_blocked, id=13520, stack(0x0000005fc0600000,0x0000005fc0700000) (1024K)]
  0x0000019d50d0e500 JavaThread "C2 CompilerThread0"         daemon [_thread_in_native, id=13380, stack(0x0000005fc0700000,0x0000005fc0800000) (1024K)]
  0x0000019d50d3ca50 JavaThread "C1 CompilerThread0"         daemon [_thread_blocked, id=13564, stack(0x0000005fc0800000,0x0000005fc0900000) (1024K)]
  0x0000019d50d09080 JavaThread "Common-Cleaner"             daemon [_thread_blocked, id=13508, stack(0x0000005fc0900000,0x0000005fc0a00000) (1024K)]
=>0x0000019d6d10a4c0 JavaThread "C2 CompilerThread1"         daemon [_thread_in_native, id=13640, stack(0x0000005fc0a00000,0x0000005fc0b00000) (1024K)]
  0x0000019d50d06fb0 JavaThread "Notification Thread"        daemon [_thread_blocked, id=6304, stack(0x0000005fc0b00000,0x0000005fc0c00000) (1024K)]
  0x0000019d6d8f1870 JavaThread "C2 CompilerThread2"         daemon [_thread_in_native, id=13504, stack(0x0000005fc0c00000,0x0000005fc0d00000) (1024K)]
Total: 13

Other Threads:
  0x0000019d50ce2bc0 VMThread "VM Thread"                           [id=13496, stack(0x0000005fc0000000,0x0000005fc0100000) (1024K)]
  0x0000019d50c1c3a0 WatcherThread "VM Periodic Task Thread"        [id=2312, stack(0x0000005fbff00000,0x0000005fc0000000) (1024K)]
  0x0000019d50dab3e0 WorkerThread "GC Thread#0"                     [id=13524, stack(0x0000005fbfe00000,0x0000005fbff00000) (1024K)]
  0x0000019d6d5040d0 WorkerThread "GC Thread#1"                     [id=13792, stack(0x0000005fc0d00000,0x0000005fc0e00000) (1024K)]
  0x0000019d6d3a3730 WorkerThread "GC Thread#2"                     [id=4540, stack(0x0000005fc0e00000,0x0000005fc0f00000) (1024K)]
  0x0000019d6d3a3ad0 WorkerThread "GC Thread#3"                     [id=13760, stack(0x0000005fc0f00000,0x0000005fc1000000) (1024K)]
  0x0000019d6d3ab110 WorkerThread "GC Thread#4"                     [id=9184, stack(0x0000005fc1000000,0x0000005fc1100000) (1024K)]
  0x0000019d6d3ab4b0 WorkerThread "GC Thread#5"                     [id=13820, stack(0x0000005fc1100000,0x0000005fc1200000) (1024K)]
  0x0000019d6d96f890 WorkerThread "GC Thread#6"                     [id=13852, stack(0x0000005fc1200000,0x0000005fc1300000) (1024K)]
Total: 9

Threads with active compile tasks:
C2 CompilerThread0  2280 1322       4       java.io.DataInputStream::readByte (6 bytes)
C2 CompilerThread1  2280 1297       4       java.io.DataInputStream::readUTF (501 bytes)
C2 CompilerThread2  2281 1347       4       lombok.launch.PackageShader::apply (252 bytes)
Total: 3

VM state: not at safepoint (normal execution)

VM Mutex/Monitor currently owned by a thread: None

Heap address: 0x0000000080000000, size: 2048 MB, Compressed Oops mode: 32-bit

CDS archive(s) mapped at: [0x0000019d00000000-0x0000019d00ba0000-0x0000019d00ba0000), size 12189696, SharedBaseAddress: 0x0000019d00000000, ArchiveRelocationMode: 1.
Compressed class space mapped at: 0x0000019d01000000-0x0000019d41000000, reserved size: 1073741824
Narrow klass base: 0x0000019d00000000, Narrow klass shift: 0, Narrow klass range: 0x100000000

GC Precious Log:
 CardTable entry size: 512
 CPUs: 8 total, 8 available
 Memory: 8072M
 Large Page Support: Disabled
 NUMA Support: Disabled
 Compressed Oops: Enabled (32-bit)
 Alignments: Space 512K, Generation 512K, Heap 2M
 Heap Min Capacity: 100M
 Heap Initial Capacity: 100M
 Heap Max Capacity: 2G
 Pre-touch: Disabled
 Parallel Workers: 8

Heap:
 PSYoungGen      total 29696K, used 13519K [0x00000000d5580000, 0x00000000d7680000, 0x0000000100000000)
  eden space 25600K, 39% used [0x00000000d5580000,0x00000000d5f7bfb8,0x00000000d6e80000)
  from space 4096K, 80% used [0x00000000d6e80000,0x00000000d71b7f28,0x00000000d7280000)
  to   space 4096K, 0% used [0x00000000d7280000,0x00000000d7280000,0x00000000d7680000)
 ParOldGen       total 68608K, used 16K [0x0000000080000000, 0x0000000084300000, 0x00000000d5580000)
  object space 68608K, 0% used [0x0000000080000000,0x0000000080004000,0x0000000084300000)
 Metaspace       used 6080K, committed 6336K, reserved 1114112K
  class space    used 606K, committed 704K, reserved 1048576K

Card table byte_map: [0x0000019d50730000,0x0000019d50b40000] _byte_map_base: 0x0000019d50330000

Marking Bits: (ParMarkBitMap*) 0x00007ffc50f531f0
 Begin Bits: [0x0000019d63230000, 0x0000019d65230000)
 End Bits:   [0x0000019d65230000, 0x0000019d67230000)

Polling page: 0x0000019d4eba0000

Metaspace:

Usage:
  Non-class:      5.35 MB used.
      Class:    607.47 KB used.
       Both:      5.94 MB used.

Virtual space:
  Non-class space:       64.00 MB reserved,       5.50 MB (  9%) committed,  1 nodes.
      Class space:        1.00 GB reserved,     704.00 KB ( <1%) committed,  1 nodes.
             Both:        1.06 GB reserved,       6.19 MB ( <1%) committed. 

Chunk freelists:
   Non-Class:  9.98 MB
       Class:  15.33 MB
        Both:  25.31 MB

MaxMetaspaceSize: unlimited
CompressedClassSpaceSize: 1.00 GB
Initial GC threshold: 21.00 MB
Current GC threshold: 21.00 MB
CDS: on
 - commit_granule_bytes: 65536.
 - commit_granule_words: 8192.
 - virtual_space_node_default_size: 8388608.
 - enlarge_chunks_in_place: 1.
 - use_allocation_guard: 0.


Internal statistics:

num_allocs_failed_limit: 0.
num_arena_births: 190.
num_arena_deaths: 0.
num_vsnodes_births: 2.
num_vsnodes_deaths: 0.
num_space_committed: 99.
num_space_uncommitted: 0.
num_chunks_returned_to_freelist: 0.
num_chunks_taken_from_freelist: 312.
num_chunk_merges: 0.
num_chunk_splits: 200.
num_chunks_enlarged: 130.
num_inconsistent_stats: 0.

CodeHeap 'non-profiled nmethods': size=120000Kb used=548Kb max_used=548Kb free=119451Kb
 bounds [0x0000019d5ba50000, 0x0000019d5bcc0000, 0x0000019d62f80000]
CodeHeap 'profiled nmethods': size=120000Kb used=2290Kb max_used=2290Kb free=117709Kb
 bounds [0x0000019d53f80000, 0x0000019d541f0000, 0x0000019d5b4b0000]
CodeHeap 'non-nmethods': size=5760Kb used=1209Kb max_used=1231Kb free=4551Kb
 bounds [0x0000019d5b4b0000, 0x0000019d5b720000, 0x0000019d5ba50000]
 total_blobs=1815 nmethods=1344 adapters=378
 compilation: enabled
              stopped_count=0, restarted_count=0
 full_count=0

Compilation events (20 events):
Event: 2.212 Thread 0x0000019d50d3ca50 1333       3       java.util.Collections::emptyMap (4 bytes)
Event: 2.212 Thread 0x0000019d50d3ca50 nmethod 1333 0x0000019d541ab990 code [0x0000019d541abb20, 0x0000019d541abc18]
Event: 2.212 Thread 0x0000019d50d3ca50 1331       1       org.eclipse.osgi.container.ModuleRevisionBuilder$GenericInfo::getNamespace (5 bytes)
Event: 2.212 Thread 0x0000019d50d3ca50 nmethod 1331 0x0000019d5bad0b10 code [0x0000019d5bad0ca0, 0x0000019d5bad0d68]
Event: 2.212 Thread 0x0000019d50d3ca50 1334       1       java.util.Collections$EmptyMap::size (2 bytes)
Event: 2.212 Thread 0x0000019d50d3ca50 nmethod 1334 0x0000019d5bad0e10 code [0x0000019d5bad0fa0, 0x0000019d5bad1068]
Event: 2.213 Thread 0x0000019d50d3ca50 1335       3       sun.net.www.protocol.jar.Handler::parseURL (173 bytes)
Event: 2.215 Thread 0x0000019d50d3ca50 nmethod 1335 0x0000019d541abc90 code [0x0000019d541abf40, 0x0000019d541ac900]
Event: 2.215 Thread 0x0000019d50d3ca50 1336       3       sun.net.www.protocol.jar.Handler::indexOfBangSlash (52 bytes)
Event: 2.219 Thread 0x0000019d50d3ca50 nmethod 1336 0x0000019d541acd90 code [0x0000019d541ad000, 0x0000019d541adaa8]
Event: 2.219 Thread 0x0000019d50d3ca50 1337       3       java.net.URLStreamHandler::setURL (159 bytes)
Event: 2.222 Thread 0x0000019d50d3ca50 nmethod 1337 0x0000019d541adf10 code [0x0000019d541ae2a0, 0x0000019d541af708]
Event: 2.223 Thread 0x0000019d50d3ca50 1338       3       java.util.Base64$Decoder::decodeBlock (186 bytes)
Event: 2.223 Thread 0x0000019d50d3ca50 nmethod 1338 0x0000019d541b0010 code [0x0000019d541b01e0, 0x0000019d541b0650]
Event: 2.224 Thread 0x0000019d50d3ca50 1339       3       java.util.WeakHashMap::get (75 bytes)
Event: 2.225 Thread 0x0000019d50d3ca50 nmethod 1339 0x0000019d541b0910 code [0x0000019d541b0b40, 0x0000019d541b13a8]
Event: 2.230 Thread 0x0000019d50d0e500 nmethod 1307 0x0000019d5bad1110 code [0x0000019d5bad13e0, 0x0000019d5bad2da0]
Event: 2.231 Thread 0x0000019d50d0e500 1304       4       java.util.concurrent.locks.ReentrantLock$NonfairSync::initialTryLock (58 bytes)
Event: 2.233 Thread 0x0000019d50d0e500 nmethod 1304 0x0000019d5bad3c90 code [0x0000019d5bad3e20, 0x0000019d5bad3f10]
Event: 2.233 Thread 0x0000019d50d0e500 1305       4       java.io.BufferedInputStream::getBufIfOpen (61 bytes)

GC Heap History (2 events):
Event: 1.821 GC heap before
{Heap before GC invocations=1 (full 0):
 PSYoungGen      total 29696K, used 25600K [0x00000000d5580000, 0x00000000d7680000, 0x0000000100000000)
  eden space 25600K, 100% used [0x00000000d5580000,0x00000000d6e80000,0x00000000d6e80000)
  from space 4096K, 0% used [0x00000000d7280000,0x00000000d7280000,0x00000000d7680000)
  to   space 4096K, 0% used [0x00000000d6e80000,0x00000000d6e80000,0x00000000d7280000)
 ParOldGen       total 68608K, used 0K [0x0000000080000000, 0x0000000084300000, 0x00000000d5580000)
  object space 68608K, 0% used [0x0000000080000000,0x0000000080000000,0x0000000084300000)
 Metaspace       used 4311K, committed 4544K, reserved 1114112K
  class space    used 458K, committed 576K, reserved 1048576K
}
Event: 1.832 GC heap after
{Heap after GC invocations=1 (full 0):
 PSYoungGen      total 29696K, used 3295K [0x00000000d5580000, 0x00000000d7680000, 0x0000000100000000)
  eden space 25600K, 0% used [0x00000000d5580000,0x00000000d5580000,0x00000000d6e80000)
  from space 4096K, 80% used [0x00000000d6e80000,0x00000000d71b7f28,0x00000000d7280000)
  to   space 4096K, 0% used [0x00000000d7280000,0x00000000d7280000,0x00000000d7680000)
 ParOldGen       total 68608K, used 16K [0x0000000080000000, 0x0000000084300000, 0x00000000d5580000)
  object space 68608K, 0% used [0x0000000080000000,0x0000000080004000,0x0000000084300000)
 Metaspace       used 4311K, committed 4544K, reserved 1114112K
  class space    used 458K, committed 576K, reserved 1048576K
}

Dll operation events (8 events):
Event: 0.016 Loaded shared library c:\Users\DELL\.vscode\extensions\redhat.java-1.43.1-win32-x64\jre\21.0.7-win32-x86_64\bin\java.dll
Event: 0.197 Loaded shared library c:\Users\DELL\.vscode\extensions\redhat.java-1.43.1-win32-x64\jre\21.0.7-win32-x86_64\bin\zip.dll
Event: 0.251 Loaded shared library C:\Users\DELL\.vscode\extensions\redhat.java-1.43.1-win32-x64\jre\21.0.7-win32-x86_64\bin\instrument.dll
Event: 0.261 Loaded shared library C:\Users\DELL\.vscode\extensions\redhat.java-1.43.1-win32-x64\jre\21.0.7-win32-x86_64\bin\net.dll
Event: 0.264 Loaded shared library C:\Users\DELL\.vscode\extensions\redhat.java-1.43.1-win32-x64\jre\21.0.7-win32-x86_64\bin\nio.dll
Event: 0.272 Loaded shared library C:\Users\DELL\.vscode\extensions\redhat.java-1.43.1-win32-x64\jre\21.0.7-win32-x86_64\bin\zip.dll
Event: 0.308 Loaded shared library C:\Users\DELL\.vscode\extensions\redhat.java-1.43.1-win32-x64\jre\21.0.7-win32-x86_64\bin\jimage.dll
Event: 0.505 Loaded shared library c:\Users\DELL\.vscode\extensions\redhat.java-1.43.1-win32-x64\jre\21.0.7-win32-x86_64\bin\verify.dll

Deoptimization events (20 events):
Event: 1.904 Thread 0x0000019d50d8dea0 DEOPT PACKING pc=0x0000019d5bab72d8 sp=0x0000005fbfdfe4c0
Event: 1.904 Thread 0x0000019d50d8dea0 DEOPT UNPACKING pc=0x0000019d5b503aa2 sp=0x0000005fbfdfe3c8 mode 2
Event: 1.904 Thread 0x0000019d50d8dea0 Uncommon trap: trap_request=0xffffff45 fr.pc=0x0000019d5baaff54 relative=0x00000000000000b4
Event: 1.904 Thread 0x0000019d50d8dea0 Uncommon trap: reason=unstable_if action=reinterpret pc=0x0000019d5baaff54 method=java.util.HashMap.hash(Ljava/lang/Object;)I @ 1 c2
Event: 1.904 Thread 0x0000019d50d8dea0 DEOPT PACKING pc=0x0000019d5baaff54 sp=0x0000005fbfdfe540
Event: 1.904 Thread 0x0000019d50d8dea0 DEOPT UNPACKING pc=0x0000019d5b503aa2 sp=0x0000005fbfdfe4d8 mode 2
Event: 1.904 Thread 0x0000019d50d8dea0 Uncommon trap: trap_request=0xffffffde fr.pc=0x0000019d5ba98d5c relative=0x00000000000005bc
Event: 1.904 Thread 0x0000019d50d8dea0 Uncommon trap: reason=class_check action=maybe_recompile pc=0x0000019d5ba98d5c method=java.util.Collections$UnmodifiableCollection$1.<init>(Ljava/util/Collections$UnmodifiableCollection;)V @ 17 c2
Event: 1.904 Thread 0x0000019d50d8dea0 DEOPT PACKING pc=0x0000019d5ba98d5c sp=0x0000005fbfdfe570
Event: 1.904 Thread 0x0000019d50d8dea0 DEOPT UNPACKING pc=0x0000019d5b503aa2 sp=0x0000005fbfdfe4b8 mode 2
Event: 2.034 Thread 0x0000019d50d8dea0 Uncommon trap: trap_request=0xffffff45 fr.pc=0x0000019d5ba94108 relative=0x00000000000001a8
Event: 2.034 Thread 0x0000019d50d8dea0 Uncommon trap: reason=unstable_if action=reinterpret pc=0x0000019d5ba94108 method=java.lang.invoke.VarHandle.checkAccessModeThenIsDirect(Ljava/lang/invoke/VarHandle$AccessDescriptor;)Z @ 4 c2
Event: 2.034 Thread 0x0000019d50d8dea0 DEOPT PACKING pc=0x0000019d5ba94108 sp=0x0000005fbfdfe520
Event: 2.034 Thread 0x0000019d50d8dea0 DEOPT UNPACKING pc=0x0000019d5b503aa2 sp=0x0000005fbfdfe458 mode 2
Event: 2.221 Thread 0x0000019d50d8dea0 Uncommon trap: trap_request=0xffffff45 fr.pc=0x0000019d5baa8fa0 relative=0x0000000000001160
Event: 2.221 Thread 0x0000019d50d8dea0 Uncommon trap: reason=unstable_if action=reinterpret pc=0x0000019d5baa8fa0 method=lombok.patcher.PatchScript.classMatches(Ljava/lang/String;Ljava/util/Collection;)Z @ 25 c2
Event: 2.221 Thread 0x0000019d50d8dea0 DEOPT PACKING pc=0x0000019d5baa8fa0 sp=0x0000005fbfdf8700
Event: 2.221 Thread 0x0000019d50d8dea0 DEOPT UNPACKING pc=0x0000019d5b503aa2 sp=0x0000005fbfdf8668 mode 2
Event: 2.224 Thread 0x0000019d50d8dea0 DEOPT PACKING pc=0x0000019d54014a0d sp=0x0000005fbfdf7b10
Event: 2.224 Thread 0x0000019d50d8dea0 DEOPT UNPACKING pc=0x0000019d5b504242 sp=0x0000005fbfdf6fc0 mode 0

Classes loaded (20 events):
Event: 2.132 Loading class java/util/AbstractQueue done
Event: 2.132 Loading class java/util/concurrent/SynchronousQueue done
Event: 2.133 Loading class java/util/concurrent/SynchronousQueue$Transferer
Event: 2.133 Loading class java/util/concurrent/LinkedTransferQueue
Event: 2.134 Loading class java/util/concurrent/TransferQueue
Event: 2.134 Loading class java/util/concurrent/TransferQueue done
Event: 2.135 Loading class java/util/concurrent/LinkedTransferQueue done
Event: 2.135 Loading class java/util/concurrent/SynchronousQueue$Transferer done
Event: 2.136 Loading class java/util/concurrent/LinkedTransferQueue$DualNode
Event: 2.136 Loading class java/util/concurrent/LinkedTransferQueue$DualNode done
Event: 2.138 Loading class java/util/concurrent/RejectedExecutionHandler
Event: 2.138 Loading class java/util/concurrent/RejectedExecutionHandler done
Event: 2.138 Loading class java/util/concurrent/LinkedBlockingQueue
Event: 2.138 Loading class java/util/concurrent/LinkedBlockingQueue done
Event: 2.139 Loading class java/util/concurrent/LinkedBlockingQueue$Node
Event: 2.139 Loading class java/util/concurrent/LinkedBlockingQueue$Node done
Event: 2.155 Loading class java/util/concurrent/Semaphore$NonfairSync
Event: 2.155 Loading class java/util/concurrent/Semaphore$Sync
Event: 2.155 Loading class java/util/concurrent/Semaphore$Sync done
Event: 2.155 Loading class java/util/concurrent/Semaphore$NonfairSync done

Classes unloaded (0 events):
No events

Classes redefined (0 events):
No events

Internal exceptions (20 events):
Event: 1.378 Thread 0x0000019d50d8dea0 Exception <a 'java/io/FileNotFoundException'{0x00000000d64c5798}> (0x00000000d64c5798) 
thrown [s\src\hotspot\share\prims\jni.cpp, line 520]
Event: 1.379 Thread 0x0000019d50d8dea0 Exception <a 'java/io/FileNotFoundException'{0x00000000d64c6410}> (0x00000000d64c6410) 
thrown [s\src\hotspot\share\prims\jni.cpp, line 520]
Event: 1.379 Thread 0x0000019d50d8dea0 Exception <a 'java/io/FileNotFoundException'{0x00000000d64c6f50}> (0x00000000d64c6f50) 
thrown [s\src\hotspot\share\prims\jni.cpp, line 520]
Event: 1.391 Thread 0x0000019d50d8dea0 Implicit null exception at 0x0000019d5ba7ef24 to 0x0000019d5ba7f4ec
Event: 1.397 Thread 0x0000019d50d8dea0 Exception <a 'java/io/FileNotFoundException'{0x00000000d65010e0}> (0x00000000d65010e0) 
thrown [s\src\hotspot\share\prims\jni.cpp, line 520]
Event: 1.420 Thread 0x0000019d50d8dea0 Exception <a 'java/lang/NoSuchMethodError'{0x00000000d653cba0}: 'java.lang.Object java.lang.invoke.DirectMethodHandle$Holder.invokeInterface(java.lang.Object, java.lang.Object)'> (0x00000000d653cba0) 
thrown [s\src\hotspot\share\interpreter\linkResolver.cpp, line 773]
Event: 1.428 Thread 0x0000019d50d8dea0 Exception <a 'java/lang/NoSuchMethodError'{0x00000000d65501b0}: 'java.lang.Object java.lang.invoke.Invokers$Holder.invokeExact_MT(java.lang.Object, java.lang.Object, java.lang.Object, java.lang.Object, java.lang.Object, java.lang.Object)'> (0x00000000d65501b0) 
thrown [s\src\hotspot\share\interpreter\linkResolver.cpp, line 773]
Event: 1.435 Thread 0x0000019d50d8dea0 Exception <a 'java/lang/NoSuchMethodError'{0x00000000d6567408}: 'int java.lang.invoke.DirectMethodHandle$Holder.invokeStatic(java.lang.Object, java.lang.Object, java.lang.Object, java.lang.Object, java.lang.Object)'> (0x00000000d6567408) 
thrown [s\src\hotspot\share\interpreter\linkResolver.cpp, line 773]
Event: 1.476 Thread 0x0000019d50d8dea0 Exception <a 'java/lang/NoSuchMethodError'{0x00000000d65fadd8}: 'java.lang.Object java.lang.invoke.DirectMethodHandle$Holder.invokeInterface(java.lang.Object, java.lang.Object, int)'> (0x00000000d65fadd8) 
thrown [s\src\hotspot\share\interpreter\linkResolver.cpp, line 773]
Event: 1.726 Thread 0x0000019d50d8dea0 Exception <a 'java/lang/NoSuchMethodError'{0x00000000d6a756f0}: 'java.lang.ClassLoader java.lang.ClassLoader.getPlatformClassLoader(java.lang.Class)'> (0x00000000d6a756f0) 
thrown [s\src\hotspot\share\interpreter\linkResolver.cpp, line 773]
Event: 1.838 Thread 0x0000019d50d8dea0 Exception <a 'java/lang/ClassNotFoundException'{0x00000000d558dd20}: sun/net/www/protocol/c/Handler> (0x00000000d558dd20) 
thrown [s\src\hotspot\share\classfile\systemDictionary.cpp, line 312]
Event: 1.838 Thread 0x0000019d50d8dea0 Exception <a 'java/lang/ClassNotFoundException'{0x00000000d558f0a8}: sun/net/www/protocol/c/Handler> (0x00000000d558f0a8) 
thrown [s\src\hotspot\share\classfile\systemDictionary.cpp, line 312]
Event: 1.838 Thread 0x0000019d50d8dea0 Exception <a 'java/lang/ClassNotFoundException'{0x00000000d5590268}: sun/net/www/protocol/c/Handler> (0x00000000d5590268) 
thrown [s\src\hotspot\share\classfile\systemDictionary.cpp, line 312]
Event: 1.847 Thread 0x0000019d50d8dea0 Exception <a 'java/io/FileNotFoundException'{0x00000000d55b8800}> (0x00000000d55b8800) 
thrown [s\src\hotspot\share\prims\jni.cpp, line 520]
Event: 1.901 Thread 0x0000019d50d8dea0 Implicit null exception at 0x0000019d5bac2e49 to 0x0000019d5bac3988
Event: 1.901 Thread 0x0000019d50d8dea0 Implicit null exception at 0x0000019d5bab48a0 to 0x0000019d5bab4acc
Event: 1.902 Thread 0x0000019d50d8dea0 Exception <a 'java/lang/NoSuchMethodError'{0x00000000d5766d60}: 'void java.lang.invoke.DirectMethodHandle$Holder.invokeStatic(java.lang.Object, java.lang.Object, java.lang.Object, java.lang.Object)'> (0x00000000d5766d60) 
thrown [s\src\hotspot\share\interpreter\linkResolver.cpp, line 773]
Event: 1.904 Thread 0x0000019d50d8dea0 Implicit null exception at 0x0000019d5bab70a0 to 0x0000019d5bab72c0
Event: 1.904 Thread 0x0000019d50d8dea0 Implicit null exception at 0x0000019d5baafec0 to 0x0000019d5baaff45
Event: 2.075 Thread 0x0000019d50d8dea0 Exception <a 'java/lang/NoSuchMethodError'{0x00000000d5a01298}: 'void java.lang.invoke.DirectMethodHandle$Holder.invokeSpecial(java.lang.Object, java.lang.Object, java.lang.Object)'> (0x00000000d5a01298) 
thrown [s\src\hotspot\share\interpreter\linkResolver.cpp, line 773]

ZGC Phase Switch (0 events):
No events

VM Operations (12 events):
Event: 0.344 Executing VM operation: HandshakeAllThreads (Deoptimize)
Event: 0.345 Executing VM operation: HandshakeAllThreads (Deoptimize) done
Event: 1.212 Executing VM operation: HandshakeAllThreads (Deoptimize)
Event: 1.212 Executing VM operation: HandshakeAllThreads (Deoptimize) done
Event: 1.212 Executing VM operation: Cleanup
Event: 1.212 Executing VM operation: Cleanup done
Event: 1.251 Executing VM operation: HandshakeAllThreads (Deoptimize)
Event: 1.251 Executing VM operation: HandshakeAllThreads (Deoptimize) done
Event: 1.791 Executing VM operation: HandshakeAllThreads (Deoptimize)
Event: 1.791 Executing VM operation: HandshakeAllThreads (Deoptimize) done
Event: 1.820 Executing VM operation: ParallelGCFailedAllocation (Allocation Failure)
Event: 1.833 Executing VM operation: ParallelGCFailedAllocation (Allocation Failure) done

Memory protections (0 events):
No events

Nmethod flushes (0 events):
No events

Events (15 events):
Event: 0.053 Thread 0x0000019d50d8dea0 Thread added: 0x0000019d50d8dea0
Event: 0.104 Thread 0x0000019d50d8dea0 Thread added: 0x0000019d50cfe1d0
Event: 0.105 Thread 0x0000019d50d8dea0 Thread added: 0x0000019d50cff9d0
Event: 0.105 Thread 0x0000019d50d8dea0 Thread added: 0x0000019d50d02280
Event: 0.105 Thread 0x0000019d50d8dea0 Thread added: 0x0000019d50d04240
Event: 0.106 Thread 0x0000019d50d8dea0 Thread added: 0x0000019d50d09710
Event: 0.106 Thread 0x0000019d50d8dea0 Thread added: 0x0000019d50d09da0
Event: 0.106 Thread 0x0000019d50d8dea0 Thread added: 0x0000019d50d0e500
Event: 0.107 Thread 0x0000019d50d8dea0 Thread added: 0x0000019d50d3ca50
Event: 0.170 Thread 0x0000019d50d8dea0 Thread added: 0x0000019d50d09080
Event: 0.226 Thread 0x0000019d50d3ca50 Thread added: 0x0000019d6d10a4c0
Event: 0.769 Thread 0x0000019d50d8dea0 Thread added: 0x0000019d50d06fb0
Event: 1.173 Thread 0x0000019d50d3ca50 Thread added: 0x0000019d6d307820
Event: 1.883 Thread 0x0000019d6d307820 Thread exited: 0x0000019d6d307820
Event: 2.185 Thread 0x0000019d50d3ca50 Thread added: 0x0000019d6d8f1870


Dynamic libraries:
0x00007ff71bae0000 - 0x00007ff71baee000 	c:\Users\DELL\.vscode\extensions\redhat.java-1.43.1-win32-x64\jre\21.0.7-win32-x86_64\bin\java.exe
0x00007ffc7e870000 - 0x00007ffc7ea87000 	C:\WINDOWS\SYSTEM32\ntdll.dll
0x00007ffc7c620000 - 0x00007ffc7c6e4000 	C:\WINDOWS\System32\KERNEL32.DLL
0x00007ffc7bad0000 - 0x00007ffc7bea2000 	C:\WINDOWS\System32\KERNELBASE.dll
0x00007ffc7c240000 - 0x00007ffc7c351000 	C:\WINDOWS\System32\ucrtbase.dll
0x00007ffc72aa0000 - 0x00007ffc72ab8000 	c:\Users\DELL\.vscode\extensions\redhat.java-1.43.1-win32-x64\jre\21.0.7-win32-x86_64\bin\jli.dll
0x00007ffc714f0000 - 0x00007ffc7150e000 	c:\Users\DELL\.vscode\extensions\redhat.java-1.43.1-win32-x64\jre\21.0.7-win32-x86_64\bin\VCRUNTIME140.dll
0x00007ffc7dae0000 - 0x00007ffc7dc91000 	C:\WINDOWS\System32\USER32.dll
0x00007ffc66c50000 - 0x00007ffc66eeb000 	C:\WINDOWS\WinSxS\amd64_microsoft.windows.common-controls_6595b64144ccf1df_6.0.22621.5415_none_270d77d17387d7da\COMCTL32.dll
0x00007ffc7c360000 - 0x00007ffc7c386000 	C:\WINDOWS\System32\win32u.dll
0x00007ffc7e0b0000 - 0x00007ffc7e157000 	C:\WINDOWS\System32\msvcrt.dll
0x00007ffc7dcc0000 - 0x00007ffc7dce9000 	C:\WINDOWS\System32\GDI32.dll
0x00007ffc7bf50000 - 0x00007ffc7c073000 	C:\WINDOWS\System32\gdi32full.dll
0x00007ffc7beb0000 - 0x00007ffc7bf4a000 	C:\WINDOWS\System32\msvcp_win.dll
0x00007ffc7d9e0000 - 0x00007ffc7da11000 	C:\WINDOWS\System32\IMM32.DLL
0x00007ffc72240000 - 0x00007ffc7224c000 	c:\Users\DELL\.vscode\extensions\redhat.java-1.43.1-win32-x64\jre\21.0.7-win32-x86_64\bin\vcruntime140_1.dll
0x00007ffc65ea0000 - 0x00007ffc65f2d000 	c:\Users\DELL\.vscode\extensions\redhat.java-1.43.1-win32-x64\jre\21.0.7-win32-x86_64\bin\msvcp140.dll
0x00007ffc502a0000 - 0x00007ffc51030000 	c:\Users\DELL\.vscode\extensions\redhat.java-1.43.1-win32-x64\jre\21.0.7-win32-x86_64\bin\server\jvm.dll
0x00007ffc7ccb0000 - 0x00007ffc7cd61000 	C:\WINDOWS\System32\ADVAPI32.dll
0x00007ffc7e000000 - 0x00007ffc7e0a8000 	C:\WINDOWS\System32\sechost.dll
0x00007ffc7c4d0000 - 0x00007ffc7c4f8000 	C:\WINDOWS\System32\bcrypt.dll
0x00007ffc7c500000 - 0x00007ffc7c614000 	C:\WINDOWS\System32\RPCRT4.dll
0x00007ffc7dcf0000 - 0x00007ffc7dd61000 	C:\WINDOWS\System32\WS2_32.dll
0x00007ffc74730000 - 0x00007ffc74764000 	C:\WINDOWS\SYSTEM32\WINMM.dll
0x00007ffc7b830000 - 0x00007ffc7b87d000 	C:\WINDOWS\SYSTEM32\POWRPROF.dll
0x00007ffc74990000 - 0x00007ffc7499a000 	C:\WINDOWS\SYSTEM32\VERSION.dll
0x00007ffc7b810000 - 0x00007ffc7b823000 	C:\WINDOWS\SYSTEM32\UMPDC.dll
0x00007ffc7a990000 - 0x00007ffc7a9a8000 	C:\WINDOWS\SYSTEM32\kernel.appcore.dll
0x00007ffc714e0000 - 0x00007ffc714ea000 	c:\Users\DELL\.vscode\extensions\redhat.java-1.43.1-win32-x64\jre\21.0.7-win32-x86_64\bin\jimage.dll
0x00007ffc760c0000 - 0x00007ffc762f3000 	C:\WINDOWS\SYSTEM32\DBGHELP.DLL
0x00007ffc7c7e0000 - 0x00007ffc7cb73000 	C:\WINDOWS\System32\combase.dll
0x00007ffc7c700000 - 0x00007ffc7c7d7000 	C:\WINDOWS\System32\OLEAUT32.dll
0x00007ffc5e7e0000 - 0x00007ffc5e812000 	C:\WINDOWS\SYSTEM32\dbgcore.DLL
0x00007ffc7c100000 - 0x00007ffc7c17b000 	C:\WINDOWS\System32\bcryptPrimitives.dll
0x00007ffc714d0000 - 0x00007ffc714df000 	c:\Users\DELL\.vscode\extensions\redhat.java-1.43.1-win32-x64\jre\21.0.7-win32-x86_64\bin\instrument.dll
0x00007ffc714b0000 - 0x00007ffc714cf000 	c:\Users\DELL\.vscode\extensions\redhat.java-1.43.1-win32-x64\jre\21.0.7-win32-x86_64\bin\java.dll
0x00007ffc7d0e0000 - 0x00007ffc7d982000 	C:\WINDOWS\System32\SHELL32.dll
0x00007ffc7c390000 - 0x00007ffc7c4cf000 	C:\WINDOWS\System32\wintypes.dll
0x00007ffc79890000 - 0x00007ffc7a1ae000 	C:\WINDOWS\SYSTEM32\windows.storage.dll
0x00007ffc7dd70000 - 0x00007ffc7de7b000 	C:\WINDOWS\System32\SHCORE.dll
0x00007ffc7ced0000 - 0x00007ffc7cf39000 	C:\WINDOWS\System32\shlwapi.dll
0x00007ffc7b890000 - 0x00007ffc7b8bb000 	C:\WINDOWS\SYSTEM32\profapi.dll
0x00007ffc66f10000 - 0x00007ffc66f28000 	c:\Users\DELL\.vscode\extensions\redhat.java-1.43.1-win32-x64\jre\21.0.7-win32-x86_64\bin\zip.dll
0x00007ffc714a0000 - 0x00007ffc714b0000 	C:\Users\DELL\.vscode\extensions\redhat.java-1.43.1-win32-x64\jre\21.0.7-win32-x86_64\bin\net.dll
0x00007ffc73fc0000 - 0x00007ffc740ec000 	C:\WINDOWS\SYSTEM32\WINHTTP.dll
0x00007ffc7ae10000 - 0x00007ffc7ae79000 	C:\WINDOWS\system32\mswsock.dll
0x00007ffc66b10000 - 0x00007ffc66b26000 	C:\Users\DELL\.vscode\extensions\redhat.java-1.43.1-win32-x64\jre\21.0.7-win32-x86_64\bin\nio.dll
0x00007ffc6e550000 - 0x00007ffc6e560000 	c:\Users\DELL\.vscode\extensions\redhat.java-1.43.1-win32-x64\jre\21.0.7-win32-x86_64\bin\verify.dll

dbghelp: loaded successfully - version: 4.0.5 - missing functions: none
symbol engine: initialized successfully - sym options: 0x614 - pdb path: .;c:\Users\DELL\.vscode\extensions\redhat.java-1.43.1-win32-x64\jre\21.0.7-win32-x86_64\bin;C:\WINDOWS\SYSTEM32;C:\WINDOWS\WinSxS\amd64_microsoft.windows.common-controls_6595b64144ccf1df_6.0.22621.5415_none_270d77d17387d7da;c:\Users\DELL\.vscode\extensions\redhat.java-1.43.1-win32-x64\jre\21.0.7-win32-x86_64\bin\server

VM Arguments:
jvm_args: --add-modules=ALL-SYSTEM --add-opens=java.base/java.util=ALL-UNNAMED --add-opens=java.base/java.lang=ALL-UNNAMED --add-opens=java.base/sun.nio.fs=ALL-UNNAMED -Declipse.application=org.eclipse.jdt.ls.core.id1 -Dosgi.bundles.defaultStartLevel=4 -Declipse.product=org.eclipse.jdt.ls.core.product -Djava.import.generatesMetadataFilesAtProjectRoot=false -DDetectVMInstallationsJob.disabled=true -Dfile.encoding=utf8 -XX:+UseParallelGC -XX:GCTimeRatio=4 -XX:AdaptiveSizePolicyWeight=90 -Dsun.zip.disableMemoryMapping=true -Xmx2G -Xms100m -Xlog:disable -javaagent:c:\Users\DELL\.vscode\extensions\redhat.java-1.43.1-win32-x64\lombok\lombok-1.18.39-4050.jar -XX:+HeapDumpOnOutOfMemoryError -XX:HeapDumpPath=c:\Users\DELL\AppData\Roaming\Code\User\workspaceStorage\570d8e0572cd09717416c2befc5483f5\redhat.java -Daether.dependencyCollector.impl=bf 
java_command: c:\Users\DELL\.vscode\extensions\redhat.java-1.43.1-win32-x64\server\plugins\org.eclipse.equinox.launcher_1.7.0.v20250519-0528.jar -configuration c:\Users\DELL\AppData\Roaming\Code\User\globalStorage\redhat.java\1.43.1\config_win -data c:\Users\DELL\AppData\Roaming\Code\User\workspaceStorage\570d8e0572cd09717416c2befc5483f5\redhat.java\jdt_ws --pipe=\\.\pipe\lsp-8f63b9c5fb8f4f4d9e4a2db2d941be92-sock
java_class_path (initial): c:\Users\DELL\.vscode\extensions\redhat.java-1.43.1-win32-x64\server\plugins\org.eclipse.equinox.launcher_1.7.0.v20250519-0528.jar
Launcher Type: SUN_STANDARD

[Global flags]
    uintx AdaptiveSizePolicyWeight                 = 90                                        {product} {command line}
     intx CICompilerCount                          = 4                                         {product} {ergonomic}
    uintx GCTimeRatio                              = 4                                         {product} {command line}
     bool HeapDumpOnOutOfMemoryError               = true                                   {manageable} {command line}
    ccstr HeapDumpPath                             = c:\Users\DELL\AppData\Roaming\Code\User\workspaceStorage\570d8e0572cd09717416c2befc5483f5\redhat.java         {manageable} {command line}
   size_t InitialHeapSize                          = 104857600                                 {product} {command line}
   size_t MaxHeapSize                              = 2147483648                                {product} {command line}
   size_t MaxNewSize                               = 715653120                                 {product} {ergonomic}
   size_t MinHeapDeltaBytes                        = 524288                                    {product} {ergonomic}
   size_t MinHeapSize                              = 104857600                                 {product} {command line}
   size_t NewSize                                  = 34603008                                  {product} {ergonomic}
    uintx NonNMethodCodeHeapSize                   = 5839372                                {pd product} {ergonomic}
    uintx NonProfiledCodeHeapSize                  = 122909434                              {pd product} {ergonomic}
   size_t OldSize                                  = 70254592                                  {product} {ergonomic}
    uintx ProfiledCodeHeapSize                     = 122909434                              {pd product} {ergonomic}
    uintx ReservedCodeCacheSize                    = 251658240                              {pd product} {ergonomic}
     bool SegmentedCodeCache                       = true                                      {product} {ergonomic}
   size_t SoftMaxHeapSize                          = 2147483648                             {manageable} {ergonomic}
     bool UseCompressedOops                        = true                           {product lp64_product} {ergonomic}
     bool UseLargePagesIndividualAllocation        = false                                  {pd product} {ergonomic}
     bool UseParallelGC                            = true                                      {product} {command line}

Logging:
Log output configuration:
 #0: stdout all=off uptime,level,tags foldmultilines=false
 #1: stderr all=off uptime,level,tags foldmultilines=false

Environment Variables:
JAVA_HOME=C:\Program Files\Java\jdk-17
PATH=C:\Program Files\Common Files\Oracle\Java\javapath;C:\WINDOWS\system32;C:\WINDOWS;C:\WINDOWS\System32\Wbem;C:\WINDOWS\System32\WindowsPowerShell\v1.0\;C:\WINDOWS\System32\OpenSSH\;C:\Program Files\nodejs\;C:\ProgramData\chocolatey\bin;C:\Program Files\Git\cmd;C:\Users\DELL\AppData\Local\Android\Sdk\platform-tools;C:\Users\DELL\.local\bin;C:\Users\DELL\AppData\Local\Programs\Python\Python313\Scripts\;C:\Users\DELL\AppData\Local\Programs\Python\Python313\;C:\Users\DELL\AppData\Local\Android\Sdk\tools;C:\Users\DELL\AppData\Local\Microsoft\WindowsApps;C:\Users\DELL\Documents\FlutterDev\flutter\bin;C:\Users\DELL\AppData\Roaming\npm;C:\Users\DELL\AppData\Local\Programs\Microsoft VS Code\bin
USERNAME=DELL
OS=Windows_NT
PROCESSOR_IDENTIFIER=Intel64 Family 6 Model 142 Stepping 10, GenuineIntel
TMP=C:\Users\DELL\AppData\Local\Temp
TEMP=C:\Users\DELL\AppData\Local\Temp




Periodic native trim disabled

---------------  S Y S T E M  ---------------

OS:
 Windows 11 , 64 bit Build 22621 (10.0.22621.5415)
OS uptime: 0 days 0:16 hours

CPU: total 8 (initial active 8) (4 cores per cpu, 2 threads per core) family 6 model 142 stepping 10 microcode 0xe0, cx8, cmov, fxsr, ht, mmx, 3dnowpref, sse, sse2, sse3, ssse3, sse4.1, sse4.2, popcnt, lzcnt, tsc, tscinvbit, avx, avx2, aes, erms, clmul, bmi1, bmi2, rtm, adx, fma, vzeroupper, clflush, clflushopt, rdtscp, f16c
Processor Information for processor 0
  Max Mhz: 1896, Current Mhz: 1496, Mhz Limit: 1687
Processor Information for processor 1
  Max Mhz: 1896, Current Mhz: 1496, Mhz Limit: 1687
Processor Information for processor 2
  Max Mhz: 1896, Current Mhz: 1496, Mhz Limit: 1687
Processor Information for processor 3
  Max Mhz: 1896, Current Mhz: 1696, Mhz Limit: 1687
Processor Information for processor 4
  Max Mhz: 1896, Current Mhz: 1696, Mhz Limit: 1687
Processor Information for processor 5
  Max Mhz: 1896, Current Mhz: 1696, Mhz Limit: 1687
Processor Information for processor 6
  Max Mhz: 1896, Current Mhz: 1696, Mhz Limit: 1687
Processor Information for processor 7
  Max Mhz: 1896, Current Mhz: 1696, Mhz Limit: 1687

Memory: 4k page, system-wide physical 8072M (1253M free)
TotalPageFile size 8072M (AvailPageFile size 5M)
current process WorkingSet (physical memory assigned to process): 87M, peak: 87M
current process commit charge ("private bytes"): 240M, peak: 240M

vm_info: OpenJDK 64-Bit Server VM (21.0.7+6-LTS) for windows-amd64 JRE (21.0.7+6-LTS), built on 2025-04-15T00:00:00Z by "admin" with MS VC++ 17.7 (VS2022)

END.
